<?xml version="1.0" encoding="UTF-8"?>
<testsuite xmlns:xsi="http://www.w3.org/2001/XMLSchema-instance" xsi:noNamespaceSchemaLocation="https://maven.apache.org/surefire/maven-surefire-plugin/xsd/surefire-test-report-3.0.xsd" version="3.0" name="LepesmgrTest" time="0.37" tests="6" errors="0" skipped="0" failures="0">
  <properties>
[...]
</properties>
  <testcase name="medve_hamis" classname="LepesmgrTest" time="0.112"/>
  <testcase name="bena_igaz" classname="LepesmgrTest" time="0.109"/>
  <testcase name="medve_igaz" classname="LepesmgrTest" time="0.081"/>
  <testcase name="lep_priorities1" classname="LepesmgrTest" time="0.013"/>
  <testcase name="lep_priorities2" classname="LepesmgrTest" time="0.02"/>
  <testcase name="bena_hamis" classname="LepesmgrTest" time="0.009"/>
</testsuite>