<?xml version="1.0" encoding="UTF-8"?>
<testsuite xmlns:xsi="http://www.w3.org/2001/XMLSchema-instance" xsi:noNamespaceSchemaLocation="https://maven.apache.org/surefire/maven-surefire-plugin/xsd/surefire-test-report-3.0.xsd" version="3.0" name="JatekTest" time="2.951" tests="3" errors="0" skipped="0" failures="0">
  <properties>
[...]
</properties>
  <testcase name="containsAgn_vitustanc" classname="JatekTest" time="0.011"/>
  <testcase name="containsAgn_benit" classname="JatekTest" time="0.007"/>
  <testcase name="containsAgn_not_contains" classname="JatekTest" time="0.004"/>
</testsuite>